<?xml version="1.0" encoding="UTF-8"?>
<!-- Generated by org.testng.reporters.JUnitReportReporter -->
<testsuite hostname="Kavitha" failures="0" tests="3" name="TestNG.Priority" time="0.009" errors="0" timestamp="2023-08-12T16:03:18 IST" skipped="1">
  <testcase classname="TestNG.Priority" name="demo1" time="0.003"/>
  <system-out/>
  <testcase classname="TestNG.Priority" name="demo1" time="0.006"/>
  <system-out/>
  <testcase classname="TestNG.Priority" name="demo3">
    <skipped/>
  </testcase> <!-- demo3 -->
  <system-out/>
</testsuite> <!-- TestNG.Priority -->
