<?xml version="1.0" encoding="UTF-8"?>
<!-- Generated by org.testng.reporters.JUnitReportReporter -->
<testsuite hostname="Kavitha" failures="0" tests="2" name="TestNG.Invocation" time="0.023" errors="0" timestamp="2023-08-12T16:03:18 IST" skipped="0">
  <testcase classname="TestNG.Invocation" name="demo1" time="0.021"/>
  <system-out/>
  <testcase classname="TestNG.Invocation" name="demo2" time="0.002"/>
  <system-out/>
</testsuite> <!-- TestNG.Invocation -->
