<?xml version="1.0" encoding="UTF-8"?>
<!-- Generated by org.testng.reporters.JUnitReportReporter -->
<testsuite hostname="Kavitha" failures="0" tests="1" name="TestNG_parallel.Facebook_distributed" time="82.648" errors="0" timestamp="2023-08-12T16:40:20 IST" skipped="0">
  <testcase classname="TestNG_parallel.Facebook_distributed" name="facebook" time="82.648"/>
  <system-out/>
</testsuite> <!-- TestNG_parallel.Facebook_distributed -->
