<?xml version="1.0" encoding="UTF-8"?>
<!-- Generated by org.testng.reporters.JUnitReportReporter -->
<testsuite hostname="Kavitha" failures="0" tests="1" name="TestNG.Assertions" time="12.718" errors="0" timestamp="2023-08-14T18:21:01 IST" skipped="0">
  <testcase classname="TestNG.Assertions" name="login" time="12.718"/>
  <system-out/>
</testsuite> <!-- TestNG.Assertions -->
