<?xml version="1.0" encoding="UTF-8"?>
<!-- Generated by org.testng.reporters.JUnitReportReporter -->
<testsuite hostname="Kavitha" failures="0" tests="2" name="TestNG_Group.Sample2" time="0.040" errors="0" timestamp="2023-08-14T18:26:36 IST" skipped="0">
  <testcase classname="TestNG_Group.Sample2" name="demo4" time="0.004"/>
  <system-out/>
  <testcase classname="TestNG_Group.Sample2" name="demo3" time="0.036"/>
  <system-out/>
</testsuite> <!-- TestNG_Group.Sample2 -->
