<?xml version="1.0" encoding="UTF-8"?>
<!-- Generated by org.testng.reporters.JUnitReportReporter -->
<testsuite hostname="Kavitha" failures="0" tests="1" name="TestNG_Fail.Amazon_distributed" time="12.097" errors="0" timestamp="2023-08-12T17:33:24 IST" skipped="0">
  <testcase classname="TestNG_Fail.Amazon_distributed" name="amazon" time="12.097"/>
  <system-out/>
</testsuite> <!-- TestNG_Fail.Amazon_distributed -->
