<?xml version="1.0" encoding="UTF-8"?>
<!-- Generated by org.testng.reporters.JUnitReportReporter -->
<testsuite hostname="Kavitha" failures="0" tests="1" name="TestNG_Fail.Facebook_distributed" time="9.583" errors="0" timestamp="2023-08-12T17:35:34 IST" skipped="0">
  <testcase classname="TestNG_Fail.Facebook_distributed" name="facebook" time="9.583"/>
  <system-out/>
</testsuite> <!-- TestNG_Fail.Facebook_distributed -->
